2022-07-28 13:38:43,757 DEBUG    root            Loaded Command Group: ['gcloud', 'components']
2022-07-28 13:38:43,761 DEBUG    root            Loaded Command Group: ['gcloud', 'components', 'update']
2022-07-28 13:38:43,764 DEBUG    root            Running [gcloud.components.update] with arguments: [--allow-no-backup: "True", --quiet: "True", COMPONENT-IDS:6: "['core', 'gcloud-deps', 'bq', 'gcloud', 'gsutil', 'anthoscli']"]
2022-07-28 13:38:43,770 INFO     ___FILE_ONLY___ Beginning update. This process may take several minutes.

2022-07-28 13:38:55,797 DEBUG    urllib3.connectionpool Starting new HTTPS connection (1): dl.google.com:443
2022-07-28 13:38:55,873 DEBUG    urllib3.connectionpool https://dl.google.com:443 "GET /dl/cloudsdk/channels/rapid/components-2.json HTTP/1.1" 200 192560
2022-07-28 13:38:55,924 INFO     ___FILE_ONLY___ 

2022-07-28 13:38:55,924 INFO     ___FILE_ONLY___ 
Your current Google Cloud CLI version is: 395.0.0

2022-07-28 13:38:55,924 INFO     ___FILE_ONLY___ Installing components from version: 395.0.0

2022-07-28 13:38:55,925 INFO     ___FILE_ONLY___ 

2022-07-28 13:38:55,931 INFO     ___FILE_ONLY___ ┌─────────────────────────────────────────────────────────────────────────────┐
2022-07-28 13:38:55,931 INFO     ___FILE_ONLY___ 

2022-07-28 13:38:55,931 INFO     ___FILE_ONLY___ │                     These components will be installed.                     │
2022-07-28 13:38:55,931 INFO     ___FILE_ONLY___ 

2022-07-28 13:38:55,931 INFO     ___FILE_ONLY___ ├─────────────────────────────────────────────────────┬────────────┬──────────┤
2022-07-28 13:38:55,932 INFO     ___FILE_ONLY___ 

2022-07-28 13:38:55,932 INFO     ___FILE_ONLY___ │                         Name                        │  Version   │   Size   │
2022-07-28 13:38:55,932 INFO     ___FILE_ONLY___ 

2022-07-28 13:38:55,932 INFO     ___FILE_ONLY___ ├─────────────────────────────────────────────────────┼────────────┼──────────┤
2022-07-28 13:38:55,932 INFO     ___FILE_ONLY___ 

2022-07-28 13:38:55,932 INFO     ___FILE_ONLY___ │ 
2022-07-28 13:38:55,932 INFO     ___FILE_ONLY___ BigQuery Command Line Tool                         
2022-07-28 13:38:55,932 INFO     ___FILE_ONLY___  
2022-07-28 13:38:55,932 INFO     ___FILE_ONLY___ │ 
2022-07-28 13:38:55,933 INFO     ___FILE_ONLY___     2.0.75
2022-07-28 13:38:55,933 INFO     ___FILE_ONLY___  
2022-07-28 13:38:55,933 INFO     ___FILE_ONLY___ │ 
2022-07-28 13:38:55,933 INFO     ___FILE_ONLY___  1.6 MiB
2022-07-28 13:38:55,933 INFO     ___FILE_ONLY___  
2022-07-28 13:38:55,933 INFO     ___FILE_ONLY___ │
2022-07-28 13:38:55,933 INFO     ___FILE_ONLY___ 

2022-07-28 13:38:55,933 INFO     ___FILE_ONLY___ │ 
2022-07-28 13:38:55,934 INFO     ___FILE_ONLY___ BigQuery Command Line Tool (Platform Specific)     
2022-07-28 13:38:55,934 INFO     ___FILE_ONLY___  
2022-07-28 13:38:55,934 INFO     ___FILE_ONLY___ │ 
2022-07-28 13:38:55,934 INFO     ___FILE_ONLY___     2.0.73
2022-07-28 13:38:55,934 INFO     ___FILE_ONLY___  
2022-07-28 13:38:55,934 INFO     ___FILE_ONLY___ │ 
2022-07-28 13:38:55,934 INFO     ___FILE_ONLY___  < 1 MiB
2022-07-28 13:38:55,934 INFO     ___FILE_ONLY___  
2022-07-28 13:38:55,934 INFO     ___FILE_ONLY___ │
2022-07-28 13:38:55,934 INFO     ___FILE_ONLY___ 

2022-07-28 13:38:55,935 INFO     ___FILE_ONLY___ │ 
2022-07-28 13:38:55,935 INFO     ___FILE_ONLY___ Cloud Storage Command Line Tool                    
2022-07-28 13:38:55,935 INFO     ___FILE_ONLY___  
2022-07-28 13:38:55,935 INFO     ___FILE_ONLY___ │ 
2022-07-28 13:38:55,935 INFO     ___FILE_ONLY___       5.11
2022-07-28 13:38:55,935 INFO     ___FILE_ONLY___  
2022-07-28 13:38:55,935 INFO     ___FILE_ONLY___ │ 
2022-07-28 13:38:55,935 INFO     ___FILE_ONLY___ 15.5 MiB
2022-07-28 13:38:55,936 INFO     ___FILE_ONLY___  
2022-07-28 13:38:55,936 INFO     ___FILE_ONLY___ │
2022-07-28 13:38:55,936 INFO     ___FILE_ONLY___ 

2022-07-28 13:38:55,936 INFO     ___FILE_ONLY___ │ 
2022-07-28 13:38:55,936 INFO     ___FILE_ONLY___ Cloud Storage Command Line Tool (Platform Specific)
2022-07-28 13:38:55,936 INFO     ___FILE_ONLY___  
2022-07-28 13:38:55,936 INFO     ___FILE_ONLY___ │ 
2022-07-28 13:38:55,936 INFO     ___FILE_ONLY___        5.6
2022-07-28 13:38:55,936 INFO     ___FILE_ONLY___  
2022-07-28 13:38:55,936 INFO     ___FILE_ONLY___ │ 
2022-07-28 13:38:55,937 INFO     ___FILE_ONLY___  < 1 MiB
2022-07-28 13:38:55,937 INFO     ___FILE_ONLY___  
2022-07-28 13:38:55,937 INFO     ___FILE_ONLY___ │
2022-07-28 13:38:55,937 INFO     ___FILE_ONLY___ 

2022-07-28 13:38:55,937 INFO     ___FILE_ONLY___ │ 
2022-07-28 13:38:55,937 INFO     ___FILE_ONLY___ Google Cloud CLI Core Libraries (Platform Specific)
2022-07-28 13:38:55,937 INFO     ___FILE_ONLY___  
2022-07-28 13:38:55,937 INFO     ___FILE_ONLY___ │ 
2022-07-28 13:38:55,937 INFO     ___FILE_ONLY___ 2022.01.28
2022-07-28 13:38:55,938 INFO     ___FILE_ONLY___  
2022-07-28 13:38:55,938 INFO     ___FILE_ONLY___ │ 
2022-07-28 13:38:55,938 INFO     ___FILE_ONLY___  < 1 MiB
2022-07-28 13:38:55,938 INFO     ___FILE_ONLY___  
2022-07-28 13:38:55,938 INFO     ___FILE_ONLY___ │
2022-07-28 13:38:55,938 INFO     ___FILE_ONLY___ 

2022-07-28 13:38:55,938 INFO     ___FILE_ONLY___ │ 
2022-07-28 13:38:55,938 INFO     ___FILE_ONLY___ anthoscli                                          
2022-07-28 13:38:55,938 INFO     ___FILE_ONLY___  
2022-07-28 13:38:55,938 INFO     ___FILE_ONLY___ │ 
2022-07-28 13:38:55,939 INFO     ___FILE_ONLY___     0.2.28
2022-07-28 13:38:55,939 INFO     ___FILE_ONLY___  
2022-07-28 13:38:55,939 INFO     ___FILE_ONLY___ │ 
2022-07-28 13:38:55,939 INFO     ___FILE_ONLY___ 47.7 MiB
2022-07-28 13:38:55,939 INFO     ___FILE_ONLY___  
2022-07-28 13:38:55,939 INFO     ___FILE_ONLY___ │
2022-07-28 13:38:55,939 INFO     ___FILE_ONLY___ 

2022-07-28 13:38:55,939 INFO     ___FILE_ONLY___ │ 
2022-07-28 13:38:55,939 INFO     ___FILE_ONLY___ gcloud cli dependencies                            
2022-07-28 13:38:55,939 INFO     ___FILE_ONLY___  
2022-07-28 13:38:55,939 INFO     ___FILE_ONLY___ │ 
2022-07-28 13:38:55,939 INFO     ___FILE_ONLY___ 2021.04.16
2022-07-28 13:38:55,940 INFO     ___FILE_ONLY___  
2022-07-28 13:38:55,940 INFO     ___FILE_ONLY___ │ 
2022-07-28 13:38:55,940 INFO     ___FILE_ONLY___  < 1 MiB
2022-07-28 13:38:55,940 INFO     ___FILE_ONLY___  
2022-07-28 13:38:55,940 INFO     ___FILE_ONLY___ │
2022-07-28 13:38:55,940 INFO     ___FILE_ONLY___ 

2022-07-28 13:38:55,940 INFO     ___FILE_ONLY___ └─────────────────────────────────────────────────────┴────────────┴──────────┘
2022-07-28 13:38:55,940 INFO     ___FILE_ONLY___ 

2022-07-28 13:38:55,940 INFO     ___FILE_ONLY___ 

2022-07-28 13:38:55,942 DEBUG    urllib3.connectionpool Starting new HTTPS connection (1): dl.google.com:443
2022-07-28 13:38:55,968 DEBUG    urllib3.connectionpool https://dl.google.com:443 "GET /dl/cloudsdk/channels/rapid/RELEASE_NOTES HTTP/1.1" 200 842787
2022-07-28 13:38:55,998 INFO     ___FILE_ONLY___ For the latest full release notes, please visit:
  https://cloud.google.com/sdk/release_notes


2022-07-28 13:38:56,004 INFO     ___FILE_ONLY___ ╔════════════════════════════════════════════════════════════╗

2022-07-28 13:38:56,004 INFO     ___FILE_ONLY___ ╠═ Creating update staging area                             ═╣

2022-07-28 13:38:56,004 INFO     ___FILE_ONLY___ ╚
2022-07-28 13:38:56,004 INFO     ___FILE_ONLY___ ══════
2022-07-28 13:38:56,005 INFO     ___FILE_ONLY___ ══════
2022-07-28 13:38:56,005 INFO     ___FILE_ONLY___ ══════
2022-07-28 13:38:56,205 INFO     ___FILE_ONLY___ ═
2022-07-28 13:38:56,269 INFO     ___FILE_ONLY___ ═
2022-07-28 13:38:56,339 INFO     ___FILE_ONLY___ ═
2022-07-28 13:38:56,408 INFO     ___FILE_ONLY___ ═
2022-07-28 13:38:56,459 INFO     ___FILE_ONLY___ ═
2022-07-28 13:38:56,512 INFO     ___FILE_ONLY___ ═
2022-07-28 13:38:56,574 INFO     ___FILE_ONLY___ ═
2022-07-28 13:38:56,634 INFO     ___FILE_ONLY___ ═
2022-07-28 13:38:56,679 INFO     ___FILE_ONLY___ ═
2022-07-28 13:38:56,715 INFO     ___FILE_ONLY___ ═
2022-07-28 13:38:56,750 INFO     ___FILE_ONLY___ ═
2022-07-28 13:38:56,803 INFO     ___FILE_ONLY___ ═
2022-07-28 13:38:56,859 INFO     ___FILE_ONLY___ ═
2022-07-28 13:38:56,903 INFO     ___FILE_ONLY___ ═
2022-07-28 13:38:56,952 INFO     ___FILE_ONLY___ ═
2022-07-28 13:38:57,001 INFO     ___FILE_ONLY___ ═
2022-07-28 13:38:57,076 INFO     ___FILE_ONLY___ ═
2022-07-28 13:38:57,124 INFO     ___FILE_ONLY___ ═
2022-07-28 13:38:57,173 INFO     ___FILE_ONLY___ ═
2022-07-28 13:38:57,219 INFO     ___FILE_ONLY___ ═
2022-07-28 13:38:57,265 INFO     ___FILE_ONLY___ ═
2022-07-28 13:38:57,328 INFO     ___FILE_ONLY___ ═
2022-07-28 13:38:57,385 INFO     ___FILE_ONLY___ ═
2022-07-28 13:38:57,432 INFO     ___FILE_ONLY___ ═
2022-07-28 13:38:57,486 INFO     ___FILE_ONLY___ ═
2022-07-28 13:38:57,537 INFO     ___FILE_ONLY___ ═
2022-07-28 13:38:57,587 INFO     ___FILE_ONLY___ ═
2022-07-28 13:38:57,638 INFO     ___FILE_ONLY___ ═
2022-07-28 13:38:57,687 INFO     ___FILE_ONLY___ ═
2022-07-28 13:38:57,731 INFO     ___FILE_ONLY___ ═
2022-07-28 13:38:57,787 INFO     ___FILE_ONLY___ ═
2022-07-28 13:38:57,932 INFO     ___FILE_ONLY___ ═
2022-07-28 13:38:58,028 INFO     ___FILE_ONLY___ ═
2022-07-28 13:38:58,100 INFO     ___FILE_ONLY___ ═
2022-07-28 13:38:58,224 INFO     ___FILE_ONLY___ ═
2022-07-28 13:38:58,262 INFO     ___FILE_ONLY___ ═
2022-07-28 13:38:58,309 INFO     ___FILE_ONLY___ ═
2022-07-28 13:38:58,336 INFO     ___FILE_ONLY___ ═
2022-07-28 13:38:58,378 INFO     ___FILE_ONLY___ ═
2022-07-28 13:38:58,402 INFO     ___FILE_ONLY___ ═
2022-07-28 13:38:58,431 INFO     ___FILE_ONLY___ ═
2022-07-28 13:38:58,458 INFO     ___FILE_ONLY___ ═
2022-07-28 13:38:58,458 INFO     ___FILE_ONLY___ ╝

2022-07-28 13:38:58,641 INFO     ___FILE_ONLY___ ╔════════════════════════════════════════════════════════════╗

2022-07-28 13:38:58,641 INFO     ___FILE_ONLY___ ╠═ Installing: BigQuery Command Line Tool                   ═╣

2022-07-28 13:38:58,641 INFO     ___FILE_ONLY___ ╚
2022-07-28 13:38:58,645 DEBUG    urllib3.connectionpool Starting new HTTPS connection (1): dl.google.com:443
2022-07-28 13:38:58,718 DEBUG    urllib3.connectionpool https://dl.google.com:443 "GET /dl/cloudsdk/channels/rapid/components/google-cloud-sdk-bq-20220610143733.tar.gz HTTP/1.1" 200 1630286
2022-07-28 13:38:58,731 INFO     ___FILE_ONLY___ ═
2022-07-28 13:38:58,731 INFO     ___FILE_ONLY___ ═
2022-07-28 13:38:58,731 INFO     ___FILE_ONLY___ ═
2022-07-28 13:38:58,732 INFO     ___FILE_ONLY___ ═
2022-07-28 13:38:58,732 INFO     ___FILE_ONLY___ ═
2022-07-28 13:38:58,732 INFO     ___FILE_ONLY___ ═
2022-07-28 13:38:58,732 INFO     ___FILE_ONLY___ ═
2022-07-28 13:38:58,732 INFO     ___FILE_ONLY___ ═
2022-07-28 13:38:58,733 INFO     ___FILE_ONLY___ ═
2022-07-28 13:38:58,733 INFO     ___FILE_ONLY___ ═
2022-07-28 13:38:58,733 INFO     ___FILE_ONLY___ ═
2022-07-28 13:38:58,733 INFO     ___FILE_ONLY___ ═
2022-07-28 13:38:58,733 INFO     ___FILE_ONLY___ ═
2022-07-28 13:38:58,734 INFO     ___FILE_ONLY___ ═
2022-07-28 13:38:58,734 INFO     ___FILE_ONLY___ ═
2022-07-28 13:38:58,734 INFO     ___FILE_ONLY___ ═
2022-07-28 13:38:58,735 INFO     ___FILE_ONLY___ ═
2022-07-28 13:38:58,735 INFO     ___FILE_ONLY___ ═
2022-07-28 13:38:58,735 INFO     ___FILE_ONLY___ ═
2022-07-28 13:38:58,735 INFO     ___FILE_ONLY___ ═
2022-07-28 13:38:58,735 INFO     ___FILE_ONLY___ ═
2022-07-28 13:38:58,736 INFO     ___FILE_ONLY___ ═
2022-07-28 13:38:58,736 INFO     ___FILE_ONLY___ ═
2022-07-28 13:38:58,736 INFO     ___FILE_ONLY___ ═
2022-07-28 13:38:58,736 INFO     ___FILE_ONLY___ ═
2022-07-28 13:38:58,736 INFO     ___FILE_ONLY___ ═
2022-07-28 13:38:58,737 INFO     ___FILE_ONLY___ ═
2022-07-28 13:38:58,737 INFO     ___FILE_ONLY___ ═
2022-07-28 13:38:58,737 INFO     ___FILE_ONLY___ ═
2022-07-28 13:38:58,737 INFO     ___FILE_ONLY___ ═
2022-07-28 13:38:58,862 INFO     ___FILE_ONLY___ ═
2022-07-28 13:38:58,866 INFO     ___FILE_ONLY___ ═
2022-07-28 13:38:58,871 INFO     ___FILE_ONLY___ ═
2022-07-28 13:38:58,878 INFO     ___FILE_ONLY___ ═
2022-07-28 13:38:58,882 INFO     ___FILE_ONLY___ ═
2022-07-28 13:38:58,886 INFO     ___FILE_ONLY___ ═
2022-07-28 13:38:58,889 INFO     ___FILE_ONLY___ ═
2022-07-28 13:38:58,894 INFO     ___FILE_ONLY___ ═
2022-07-28 13:38:58,898 INFO     ___FILE_ONLY___ ═
2022-07-28 13:38:58,903 INFO     ___FILE_ONLY___ ═
2022-07-28 13:38:58,907 INFO     ___FILE_ONLY___ ═
2022-07-28 13:38:58,911 INFO     ___FILE_ONLY___ ═
2022-07-28 13:38:58,917 INFO     ___FILE_ONLY___ ═
2022-07-28 13:38:58,923 INFO     ___FILE_ONLY___ ═
2022-07-28 13:38:58,928 INFO     ___FILE_ONLY___ ═
2022-07-28 13:38:58,932 INFO     ___FILE_ONLY___ ═
2022-07-28 13:38:58,936 INFO     ___FILE_ONLY___ ═
2022-07-28 13:38:58,939 INFO     ___FILE_ONLY___ ═
2022-07-28 13:38:58,943 INFO     ___FILE_ONLY___ ═
2022-07-28 13:38:58,947 INFO     ___FILE_ONLY___ ═
2022-07-28 13:38:58,953 INFO     ___FILE_ONLY___ ═
2022-07-28 13:38:58,957 INFO     ___FILE_ONLY___ ═
2022-07-28 13:38:58,961 INFO     ___FILE_ONLY___ ═
2022-07-28 13:38:58,965 INFO     ___FILE_ONLY___ ═
2022-07-28 13:38:58,970 INFO     ___FILE_ONLY___ ═
2022-07-28 13:38:58,973 INFO     ___FILE_ONLY___ ═
2022-07-28 13:38:58,978 INFO     ___FILE_ONLY___ ═
2022-07-28 13:38:58,982 INFO     ___FILE_ONLY___ ═
2022-07-28 13:38:58,986 INFO     ___FILE_ONLY___ ═
2022-07-28 13:38:58,990 INFO     ___FILE_ONLY___ ═
2022-07-28 13:38:58,990 INFO     ___FILE_ONLY___ ╝

2022-07-28 13:38:59,007 INFO     ___FILE_ONLY___ ╔════════════════════════════════════════════════════════════╗

2022-07-28 13:38:59,007 INFO     ___FILE_ONLY___ ╠═ Installing: BigQuery Command Line Tool (Platform Spec... ═╣

2022-07-28 13:38:59,007 INFO     ___FILE_ONLY___ ╚
2022-07-28 13:38:59,011 DEBUG    urllib3.connectionpool Starting new HTTPS connection (1): dl.google.com:443
2022-07-28 13:38:59,081 DEBUG    urllib3.connectionpool https://dl.google.com:443 "GET /dl/cloudsdk/channels/rapid/components/google-cloud-sdk-bq-nix-20220128152443.tar.gz HTTP/1.1" 200 1943
2022-07-28 13:38:59,082 INFO     ___FILE_ONLY___ ══════════════════════════════
2022-07-28 13:38:59,083 INFO     ___FILE_ONLY___ ══════════════════════════════
2022-07-28 13:38:59,083 INFO     ___FILE_ONLY___ ╝

2022-07-28 13:38:59,094 INFO     ___FILE_ONLY___ ╔════════════════════════════════════════════════════════════╗

2022-07-28 13:38:59,094 INFO     ___FILE_ONLY___ ╠═ Installing: Cloud Storage Command Line Tool              ═╣

2022-07-28 13:38:59,094 INFO     ___FILE_ONLY___ ╚
2022-07-28 13:38:59,098 DEBUG    urllib3.connectionpool Starting new HTTPS connection (1): dl.google.com:443
2022-07-28 13:38:59,125 DEBUG    urllib3.connectionpool https://dl.google.com:443 "GET /dl/cloudsdk/channels/rapid/components/google-cloud-sdk-gsutil-20220719210002.tar.gz HTTP/1.1" 200 16233224
2022-07-28 13:38:59,210 INFO     ___FILE_ONLY___ ═
2022-07-28 13:38:59,210 INFO     ___FILE_ONLY___ ═
2022-07-28 13:38:59,211 INFO     ___FILE_ONLY___ ═
2022-07-28 13:38:59,212 INFO     ___FILE_ONLY___ ═
2022-07-28 13:38:59,213 INFO     ___FILE_ONLY___ ═
2022-07-28 13:38:59,213 INFO     ___FILE_ONLY___ ═
2022-07-28 13:38:59,214 INFO     ___FILE_ONLY___ ═
2022-07-28 13:38:59,215 INFO     ___FILE_ONLY___ ═
2022-07-28 13:38:59,215 INFO     ___FILE_ONLY___ ═
2022-07-28 13:38:59,216 INFO     ___FILE_ONLY___ ═
2022-07-28 13:38:59,217 INFO     ___FILE_ONLY___ ═
2022-07-28 13:38:59,217 INFO     ___FILE_ONLY___ ═
2022-07-28 13:38:59,218 INFO     ___FILE_ONLY___ ═
2022-07-28 13:38:59,219 INFO     ___FILE_ONLY___ ═
2022-07-28 13:38:59,220 INFO     ___FILE_ONLY___ ═
2022-07-28 13:38:59,220 INFO     ___FILE_ONLY___ ═
2022-07-28 13:38:59,221 INFO     ___FILE_ONLY___ ═
2022-07-28 13:38:59,222 INFO     ___FILE_ONLY___ ═
2022-07-28 13:38:59,222 INFO     ___FILE_ONLY___ ═
2022-07-28 13:38:59,223 INFO     ___FILE_ONLY___ ═
2022-07-28 13:38:59,224 INFO     ___FILE_ONLY___ ═
2022-07-28 13:38:59,225 INFO     ___FILE_ONLY___ ═
2022-07-28 13:38:59,225 INFO     ___FILE_ONLY___ ═
2022-07-28 13:38:59,226 INFO     ___FILE_ONLY___ ═
2022-07-28 13:38:59,227 INFO     ___FILE_ONLY___ ═
2022-07-28 13:38:59,227 INFO     ___FILE_ONLY___ ═
2022-07-28 13:38:59,228 INFO     ___FILE_ONLY___ ═
2022-07-28 13:38:59,229 INFO     ___FILE_ONLY___ ═
2022-07-28 13:38:59,230 INFO     ___FILE_ONLY___ ═
2022-07-28 13:38:59,230 INFO     ___FILE_ONLY___ ═
2022-07-28 13:39:00,505 INFO     ___FILE_ONLY___ ═
2022-07-28 13:39:00,581 INFO     ___FILE_ONLY___ ═
2022-07-28 13:39:00,626 INFO     ___FILE_ONLY___ ═
2022-07-28 13:39:00,684 INFO     ___FILE_ONLY___ ═
2022-07-28 13:39:00,751 INFO     ___FILE_ONLY___ ═
2022-07-28 13:39:00,796 INFO     ___FILE_ONLY___ ═
2022-07-28 13:39:00,847 INFO     ___FILE_ONLY___ ═
2022-07-28 13:39:00,892 INFO     ___FILE_ONLY___ ═
2022-07-28 13:39:00,931 INFO     ___FILE_ONLY___ ═
2022-07-28 13:39:00,977 INFO     ___FILE_ONLY___ ═
2022-07-28 13:39:01,025 INFO     ___FILE_ONLY___ ═
2022-07-28 13:39:01,089 INFO     ___FILE_ONLY___ ═
2022-07-28 13:39:01,140 INFO     ___FILE_ONLY___ ═
2022-07-28 13:39:01,194 INFO     ___FILE_ONLY___ ═
2022-07-28 13:39:01,236 INFO     ___FILE_ONLY___ ═
2022-07-28 13:39:01,275 INFO     ___FILE_ONLY___ ═
2022-07-28 13:39:01,323 INFO     ___FILE_ONLY___ ═
2022-07-28 13:39:01,374 INFO     ___FILE_ONLY___ ═
2022-07-28 13:39:01,413 INFO     ___FILE_ONLY___ ═
2022-07-28 13:39:01,458 INFO     ___FILE_ONLY___ ═
2022-07-28 13:39:01,505 INFO     ___FILE_ONLY___ ═
2022-07-28 13:39:01,551 INFO     ___FILE_ONLY___ ═
2022-07-28 13:39:01,606 INFO     ___FILE_ONLY___ ═
2022-07-28 13:39:01,653 INFO     ___FILE_ONLY___ ═
2022-07-28 13:39:01,705 INFO     ___FILE_ONLY___ ═
2022-07-28 13:39:01,760 INFO     ___FILE_ONLY___ ═
2022-07-28 13:39:01,803 INFO     ___FILE_ONLY___ ═
2022-07-28 13:39:01,842 INFO     ___FILE_ONLY___ ═
2022-07-28 13:39:01,883 INFO     ___FILE_ONLY___ ═
2022-07-28 13:39:01,939 INFO     ___FILE_ONLY___ ═
2022-07-28 13:39:01,939 INFO     ___FILE_ONLY___ ╝

2022-07-28 13:39:02,038 INFO     ___FILE_ONLY___ ╔════════════════════════════════════════════════════════════╗

2022-07-28 13:39:02,038 INFO     ___FILE_ONLY___ ╠═ Installing: Cloud Storage Command Line Tool (Platform... ═╣

2022-07-28 13:39:02,039 INFO     ___FILE_ONLY___ ╚
2022-07-28 13:39:02,042 DEBUG    urllib3.connectionpool Starting new HTTPS connection (1): dl.google.com:443
2022-07-28 13:39:02,112 DEBUG    urllib3.connectionpool https://dl.google.com:443 "GET /dl/cloudsdk/channels/rapid/components/google-cloud-sdk-gsutil-nix-20220128152443.tar.gz HTTP/1.1" 200 1955
2022-07-28 13:39:02,113 INFO     ___FILE_ONLY___ ══════════════════════════════
2022-07-28 13:39:02,114 INFO     ___FILE_ONLY___ ══════════════════════════════
2022-07-28 13:39:02,115 INFO     ___FILE_ONLY___ ╝

2022-07-28 13:39:02,126 INFO     ___FILE_ONLY___ ╔════════════════════════════════════════════════════════════╗

2022-07-28 13:39:02,127 INFO     ___FILE_ONLY___ ╠═ Installing: Default set of gcloud commands               ═╣

2022-07-28 13:39:02,127 INFO     ___FILE_ONLY___ ╚
2022-07-28 13:39:02,131 INFO     ___FILE_ONLY___ ════════════════════════════════════════════════════════════
2022-07-28 13:39:02,131 INFO     ___FILE_ONLY___ ╝

2022-07-28 13:39:02,136 INFO     ___FILE_ONLY___ ╔════════════════════════════════════════════════════════════╗

2022-07-28 13:39:02,136 INFO     ___FILE_ONLY___ ╠═ Installing: Google Cloud CLI Core Libraries (Platform... ═╣

2022-07-28 13:39:02,136 INFO     ___FILE_ONLY___ ╚
2022-07-28 13:39:02,139 DEBUG    urllib3.connectionpool Starting new HTTPS connection (1): dl.google.com:443
2022-07-28 13:39:02,210 DEBUG    urllib3.connectionpool https://dl.google.com:443 "GET /dl/cloudsdk/channels/rapid/components/google-cloud-sdk-core-nix-20220128152443.tar.gz HTTP/1.1" 200 2321
2022-07-28 13:39:02,211 INFO     ___FILE_ONLY___ ══════════════════════════════
2022-07-28 13:39:02,213 INFO     ___FILE_ONLY___ ═══════════════
2022-07-28 13:39:02,213 INFO     ___FILE_ONLY___ ═══════════════
2022-07-28 13:39:02,213 INFO     ___FILE_ONLY___ ╝

2022-07-28 13:39:02,225 INFO     ___FILE_ONLY___ ╔════════════════════════════════════════════════════════════╗

2022-07-28 13:39:02,225 INFO     ___FILE_ONLY___ ╠═ Installing: anthoscli                                    ═╣

2022-07-28 13:39:02,225 INFO     ___FILE_ONLY___ ╚
2022-07-28 13:39:02,230 INFO     ___FILE_ONLY___ ════════════════════════════════════════════════════════════
2022-07-28 13:39:02,230 INFO     ___FILE_ONLY___ ╝

2022-07-28 13:39:02,235 INFO     ___FILE_ONLY___ ╔════════════════════════════════════════════════════════════╗

2022-07-28 13:39:02,235 INFO     ___FILE_ONLY___ ╠═ Installing: anthoscli                                    ═╣

2022-07-28 13:39:02,235 INFO     ___FILE_ONLY___ ╚
2022-07-28 13:39:02,238 DEBUG    urllib3.connectionpool Starting new HTTPS connection (1): dl.google.com:443
2022-07-28 13:39:02,266 DEBUG    urllib3.connectionpool https://dl.google.com:443 "GET /dl/cloudsdk/channels/rapid/components/google-cloud-sdk-anthoscli-linux-x86_64-20220617150114.tar.gz HTTP/1.1" 200 49978629
2022-07-28 13:39:02,476 INFO     ___FILE_ONLY___ ═
2022-07-28 13:39:02,478 INFO     ___FILE_ONLY___ ═
2022-07-28 13:39:02,480 INFO     ___FILE_ONLY___ ═
2022-07-28 13:39:02,482 INFO     ___FILE_ONLY___ ═
2022-07-28 13:39:02,484 INFO     ___FILE_ONLY___ ═
2022-07-28 13:39:02,486 INFO     ___FILE_ONLY___ ═
2022-07-28 13:39:02,488 INFO     ___FILE_ONLY___ ═
2022-07-28 13:39:02,490 INFO     ___FILE_ONLY___ ═
2022-07-28 13:39:02,492 INFO     ___FILE_ONLY___ ═
2022-07-28 13:39:02,494 INFO     ___FILE_ONLY___ ═
2022-07-28 13:39:02,496 INFO     ___FILE_ONLY___ ═
2022-07-28 13:39:02,499 INFO     ___FILE_ONLY___ ═
2022-07-28 13:39:02,501 INFO     ___FILE_ONLY___ ═
2022-07-28 13:39:02,503 INFO     ___FILE_ONLY___ ═
2022-07-28 13:39:02,505 INFO     ___FILE_ONLY___ ═
2022-07-28 13:39:02,507 INFO     ___FILE_ONLY___ ═
2022-07-28 13:39:02,509 INFO     ___FILE_ONLY___ ═
2022-07-28 13:39:02,511 INFO     ___FILE_ONLY___ ═
2022-07-28 13:39:02,513 INFO     ___FILE_ONLY___ ═
2022-07-28 13:39:02,515 INFO     ___FILE_ONLY___ ═
2022-07-28 13:39:02,517 INFO     ___FILE_ONLY___ ═
2022-07-28 13:39:02,519 INFO     ___FILE_ONLY___ ═
2022-07-28 13:39:02,521 INFO     ___FILE_ONLY___ ═
2022-07-28 13:39:02,523 INFO     ___FILE_ONLY___ ═
2022-07-28 13:39:02,525 INFO     ___FILE_ONLY___ ═
2022-07-28 13:39:02,528 INFO     ___FILE_ONLY___ ═
2022-07-28 13:39:02,530 INFO     ___FILE_ONLY___ ═
2022-07-28 13:39:02,532 INFO     ___FILE_ONLY___ ═
2022-07-28 13:39:02,534 INFO     ___FILE_ONLY___ ═
2022-07-28 13:39:02,536 INFO     ___FILE_ONLY___ ═
2022-07-28 13:39:04,197 INFO     ___FILE_ONLY___ ══════════
2022-07-28 13:39:04,202 INFO     ___FILE_ONLY___ ═════════
2022-07-28 13:39:04,225 INFO     ___FILE_ONLY___ ═══════════
2022-07-28 13:39:04,225 INFO     ___FILE_ONLY___ ╝

2022-07-28 13:39:04,246 INFO     ___FILE_ONLY___ ╔════════════════════════════════════════════════════════════╗

2022-07-28 13:39:04,247 INFO     ___FILE_ONLY___ ╠═ Installing: gcloud cli dependencies                      ═╣

2022-07-28 13:39:04,247 INFO     ___FILE_ONLY___ ╚
2022-07-28 13:39:04,250 DEBUG    urllib3.connectionpool Starting new HTTPS connection (1): dl.google.com:443
2022-07-28 13:39:04,332 DEBUG    urllib3.connectionpool https://dl.google.com:443 "GET /dl/cloudsdk/channels/rapid/components/google-cloud-sdk-gcloud-deps-linux-x86_64-20210416153011.tar.gz HTTP/1.1" 200 104
2022-07-28 13:39:04,333 INFO     ___FILE_ONLY___ ══════════════════════════════
2022-07-28 13:39:04,334 INFO     ___FILE_ONLY___ ══════════════════════════════
2022-07-28 13:39:04,334 INFO     ___FILE_ONLY___ ╝

2022-07-28 13:39:04,345 INFO     ___FILE_ONLY___ ╔════════════════════════════════════════════════════════════╗

2022-07-28 13:39:04,346 INFO     ___FILE_ONLY___ ╠═ Creating backup and activating new installation          ═╣

2022-07-28 13:39:04,346 INFO     ___FILE_ONLY___ ╚
2022-07-28 13:39:04,346 DEBUG    root            Attempting to move directory [/tools/google-cloud-sdk] to [/tools/google-cloud-sdk.staging/.install/.backup]
2022-07-28 13:39:04,346 INFO     ___FILE_ONLY___ ══════════════════════════════
2022-07-28 13:39:04,346 DEBUG    root            Attempting to move directory [/tools/google-cloud-sdk.staging] to [/tools/google-cloud-sdk]
2022-07-28 13:39:04,347 INFO     ___FILE_ONLY___ ══════════════════════════════
2022-07-28 13:39:04,347 INFO     ___FILE_ONLY___ ╝

2022-07-28 13:39:04,350 DEBUG    root            Updating notification cache...
2022-07-28 13:39:04,351 INFO     ___FILE_ONLY___ 

2022-07-28 13:39:04,355 INFO     ___FILE_ONLY___ Performing post processing steps...
2022-07-28 13:39:04,356 DEBUG    root            Executing command: ['python3', '-S', '/tools/google-cloud-sdk/lib/gcloud.py', 'components', 'post-process']
2022-07-28 13:39:22,409 DEBUG    ___FILE_ONLY___ 
2022-07-28 13:39:22,409 DEBUG    ___FILE_ONLY___ 
2022-07-28 13:39:22,633 INFO     ___FILE_ONLY___ 
Update done!


2022-07-28 13:39:22,637 INFO     root            Display format: "none"
